生成启动时间为 2015/5/7 16:08:24。
     1>项目“N:\VS_TESTING\TEMP\ChinaMobile\ChinaMobile\ChinaMobile.vcxproj”在节点 2 上(build 个目标)。
     1>InitializeBuildStatus:
         正在创建“Debug\ChinaMobile.unsuccessfulbuild”，因为已指定“AlwaysCreate”。
       ClCompile:
         所有输出均为最新。
         c:\Program Files (x86)\Microsoft Visual Studio 10.0\VC\bin\CL.exe /c /ZI /nologo /W3 /WX- /Od /Oy- /D WIN32 /D _WINDOWS /D _DEBUG /D _MBCS /D _AFXDLL /Gm /EHsc /RTC1 /MDd /GS /fp:precise /Zc:wchar_t /Zc:forScope /Yu"StdAfx.h" /Fp"Debug\ChinaMobile.pch" /Fo"Debug\\" /Fd"Debug\vc100.pdb" /Gd /TP /analyze- /errorReport:prompt ChinaMobileDlg.cpp
         ChinaMobileDlg.cpp
     1>n:\vs_testing\temp\chinamobile\chinamobile\chinamobiledlg.cpp(33): warning C4305: 'initializing' : truncation from 'double' to 'float'
     1>n:\vs_testing\temp\chinamobile\chinamobile\chinamobiledlg.cpp(1208): warning C4101: 'data_heartBeat' : unreferenced local variable
     1>n:\vs_testing\temp\chinamobile\chinamobile\chinamobiledlg.cpp(1208): warning C4101: 'data_startTest' : unreferenced local variable
     1>n:\vs_testing\temp\chinamobile\chinamobile\chinamobiledlg.cpp(1208): warning C4101: 'data_logIn' : unreferenced local variable
     1>n:\vs_testing\temp\chinamobile\chinamobile\chinamobiledlg.cpp(1208): warning C4101: 'data_endTest' : unreferenced local variable
     1>n:\vs_testing\temp\chinamobile\chinamobile\chinamobiledlg.cpp(1208): warning C4101: 'data_testStatus' : unreferenced local variable
     1>n:\vs_testing\temp\chinamobile\chinamobile\chinamobiledlg.cpp(1198): warning C4715: 'CChinaMobileDlg::MainThread' : not all control paths return a value
         所有输出均为最新。
         所有输出均为最新。
       ResourceCompile:
         所有输出均为最新。
       ManifestResourceCompile:
         所有输出均为最新。
       Link:
         c:\Program Files (x86)\Microsoft Visual Studio 10.0\VC\bin\link.exe /ERRORREPORT:PROMPT /OUT:"N:\VS_TESTING\TEMP\ChinaMobile\Debug\ChinaMobile.exe" /INCREMENTAL /NOLOGO AriaDebugVC10.lib ArNetworkingDebugVC10.lib ArnlDebugVC10.lib BaseArnlDebugVC10.lib libcurldll.a /MANIFEST /ManifestFile:"Debug\ChinaMobile.exe.intermediate.manifest" /MANIFESTUAC:"level='asInvoker' uiAccess='false'" /DEBUG /PDB:"N:\VS_TESTING\TEMP\ChinaMobile\Debug\ChinaMobile.pdb" /SUBSYSTEM:WINDOWS /TLBID:1 /DYNAMICBASE /NXCOMPAT /IMPLIB:"N:\VS_TESTING\TEMP\ChinaMobile\Debug\ChinaMobile.lib" /MACHINE:X86 Debug\ChinaMobile.res
         Debug\ChinaMobile.exe.embed.manifest.res
         Debug\cameraCanon.obj
         Debug\ChinaMobile.obj
         Debug\ChinaMobileDlg.obj
         Debug\json_reader.obj
         Debug\json_value.obj
         Debug\json_writer.obj
         Debug\arraylist.obj
         Debug\debug.obj
         Debug\json_object.obj
         Debug\json_tokener.obj
         Debug\json_util.obj
         Debug\linkhash.obj
         Debug\printbuf.obj
         Debug\MapDlg.obj
         Debug\stdafx.obj
         Debug\taskDlg.obj
       Manifest:
         C:\Program Files (x86)\Microsoft SDKs\Windows\v7.0A\bin\mt.exe /nologo /verbose /out:"Debug\ChinaMobile.exe.embed.manifest" /manifest Debug\ChinaMobile.exe.intermediate.manifest "c:\Program Files (x86)\Microsoft Visual Studio 10.0\VC\Include\Manifest\dpiaware.manifest"
         所有输出均为最新。
       LinkEmbedManifest:
         所有输出均为最新。
         ChinaMobile.vcxproj -> N:\VS_TESTING\TEMP\ChinaMobile\Debug\ChinaMobile.exe
       FinalizeBuildStatus:
         正在删除文件“Debug\ChinaMobile.unsuccessfulbuild”。
         正在对“Debug\ChinaMobile.lastbuildstate”执行 Touch 任务。
     1>已完成生成项目“N:\VS_TESTING\TEMP\ChinaMobile\ChinaMobile\ChinaMobile.vcxproj”(build 个目标)的操作。

生成成功。

已用时间 00:00:06.22
